2022-04-06 14:01:49 INFO     start sniffing data...
2022-04-06 14:01:50 DEBUG    ['af', '0f', '02', '00', '00', '00', '00', '00', '00', '00', '00', '00', '00', '7b', 'ae']
2022-04-06 14:01:51 DEBUG    ['af', '0f', '02', '00', '00', '00', '00', '00', '00', '00', '00', '00', '00', '7b', 'ae']
2022-04-06 14:01:52 DEBUG    ['af', '0f', '02', '00', '00', '00', '00', '00', '00', '00', '00', '00', '00', '7b', 'ae']
2022-04-06 14:01:53 DEBUG    ['af', '0f', '02', '00', '00', '00', '00', '00', '00', '00', '00', '00', '00', '7b', 'ae']
2022-04-06 14:01:54 INFO     Apps_Proc_Kill_Start
2022-04-06 14:01:54 DEBUG    ['af', '0f', '02', '00', '00', '00', '00', '00', '00', '00', '00', '00', '00', '7b', 'ae']
2022-04-06 14:01:55 DEBUG    ['af', '0f', '02', '00', '00', '00', '00', '00', '00', '00', '00', '00', '00', '7b', 'ae']
2022-04-06 14:01:56 DEBUG    ['af', '0f', '02', '00', '00', '00', '00', '00', '00', '00', '00', '00', '00', '7b', 'ae']
2022-04-06 14:01:57 DEBUG    ['af', '0f', '02', '00', '00', '00', '00', '00', '00', '00', '00', '00', '00', '7b', 'ae']
2022-04-06 14:01:58 DEBUG    ['af', '0f', '02', '00', '00', '00', '00', '00', '00', '00', '00', '00', '00', '7b', 'ae']
2022-04-06 14:01:59 DEBUG    ['af', '0f', '02', '00', '00', '00', '00', '00', '00', '00', '00', '00', '00', '7b', 'ae']
2022-04-06 14:02:00 DEBUG    ['af', '0f', '02', '00', '00', '00', '00', '00', '00', '00', '00', '00', '00', '7b', 'ae']
2022-04-06 14:02:01 INFO     Apps_Proc_Killed_Sucessfully
2022-04-06 14:02:01 DEBUG    ['af', '0f', '02', '00', '00', '00', '00', '00', '00', '00', '00', '00', '00', '7b', 'ae']
2022-04-06 14:02:02 DEBUG    ['af', '0f', '02', '00', '00', '00', '00', '00', '00', '00', '00', '00', '00', '7b', 'ae']
2022-04-06 14:02:03 DEBUG    ['af', '0f', '02', '00', '00', '00', '00', '00', '00', '00', '00', '00', '00', '7b', 'ae']
2022-04-06 14:02:04 DEBUG    ['af', '0f', '02', '00', '00', '00', '00', '00', '00', '00', '00', '00', '00', '7b', 'ae']
2022-04-06 14:02:05 DEBUG    ['af', '0f', '02', '00', '00', '00', '00', '00', '00', '00', '00', '00', '00', '7b', 'ae']
2022-04-06 14:02:06 DEBUG    ['af', '0f', '02', '00', '00', '00', '00', '00', '00', '00', '00', '00', '00', '7b', 'ae']
2022-04-06 14:02:07 DEBUG    ['af', '0f', '02', '00', '00', '00', '00', '00', '00', '00', '00', '00', '00', '7b', 'ae']
2022-04-06 14:02:08 DEBUG    ['af', '0f', '02', '00', '00', '00', '00', '00', '00', '00', '00', '00', '00', '7b', 'ae']
2022-04-06 14:02:09 DEBUG    ['af', '0f', '02', '00', '00', '00', '00', '00', '00', '00', '00', '00', '00', '7b', 'ae']
2022-04-06 14:02:10 DEBUG    ['af', '0f', '02', '00', '00', '00', '00', '00', '00', '00', '00', '00', '00', '7b', 'ae']
2022-04-06 14:02:11 DEBUG    ['af', '0f', '02', '00', '00', '00', '00', '00', '00', '00', '00', '00', '00', '7b', 'ae']
2022-04-06 14:02:12 DEBUG    ['af', '0f', '02', '00', '00', '00', '00', '00', '00', '00', '00', '00', '00', '7b', 'ae']
2022-04-06 14:02:13 DEBUG    ['af', '0f', '02', '00', '00', '00', '00', '00', '00', '00', '00', '00', '00', '7b', 'ae']
2022-04-06 14:02:14 DEBUG    ['af', '0f', '02', '00', '00', '00', '00', '00', '00', '00', '00', '00', '00', '7b', 'ae']
2022-04-06 14:02:15 DEBUG    ['af', '0f', '02', '00', '00', '00', '00', '00', '00', '00', '00', '00', '00', '7b', 'ae']
2022-04-06 14:02:16 DEBUG    ['af', '0f', '02', '00', '00', '00', '00', '00', '00', '00', '00', '00', '00', '7b', 'ae']
2022-04-06 14:02:17 DEBUG    ['af', '0f', '02', '00', '00', '00', '00', '00', '00', '00', '00', '00', '00', '7b', 'ae']
2022-04-06 14:02:18 DEBUG    ['af', '0f', '02', '00', '00', '00', '00', '00', '00', '00', '00', '00', '00', '7b', 'ae']
2022-04-06 14:02:19 DEBUG    ['af', '0f', '02', '00', '00', '00', '00', '00', '00', '00', '00', '00', '00', '7b', 'ae']
2022-04-06 14:02:20 DEBUG    ['af', '0f', '02', '00', '00', '00', '00', '00', '00', '00', '00', '00', '00', '7b', 'ae']
2022-04-06 14:02:21 DEBUG    ['af', '0f', '02', '00', '00', '00', '00', '00', '00', '00', '00', '00', '00', '7b', 'ae']
2022-04-06 14:02:22 DEBUG    ['af', '0f', '02', '00', '00', '00', '00', '00', '00', '00', '00', '00', '00', '7b', 'ae']
2022-04-06 14:02:23 DEBUG    ['af', '0f', '02', '00', '00', '00', '00', '00', '00', '00', '00', '00', '00', '7b', 'ae']
2022-04-06 14:02:24 DEBUG    ['af', '0f', '02', '00', '00', '00', '00', '00', '00', '00', '00', '00', '00', '7b', 'ae']
2022-04-06 14:02:25 DEBUG    ['af', '0f', '02', '00', '00', '00', '00', '00', '00', '00', '00', '00', '00', '7b', 'ae']
2022-04-06 14:02:26 DEBUG    ['af', '0f', '02', '00', '00', '00', '00', '00', '00', '00', '00', '00', '00', '7b', 'ae']
2022-04-06 14:02:27 DEBUG    ['af', '0f', '02', '00', '00', '00', '00', '00', '00', '00', '00', '00', '00', '7b', 'ae']
2022-04-06 14:02:28 DEBUG    ['af', '0f', '02', '00', '00', '00', '00', '00', '00', '00', '00', '00', '00', '7b', 'ae']
2022-04-06 14:02:29 DEBUG    ['af', '0f', '02', '00', '00', '00', '00', '00', '00', '00', '00', '00', '00', '7b', 'ae']
2022-04-06 14:02:30 DEBUG    ['af', '0f', '02', '00', '00', '00', '00', '00', '00', '00', '00', '00', '00', '7b', 'ae']
2022-04-06 14:02:31 DEBUG    ['af', '0f', '02', '00', '00', '00', '00', '00', '00', '00', '00', '00', '00', '7b', 'ae']
2022-04-06 14:02:32 DEBUG    ['af', '0f', '02', '00', '00', '00', '00', '00', '00', '00', '00', '00', '00', '7b', 'ae']
2022-04-06 14:02:33 DEBUG    ['af', '0f', '02', '00', '00', '00', '00', '00', '00', '00', '00', '00', '00', '7b', 'ae']
2022-04-06 14:02:34 DEBUG    ['af', '0f', '02', '00', '00', '00', '00', '00', '00', '00', '00', '00', '00', '7b', 'ae']
2022-04-06 14:02:35 DEBUG    ['af', '0f', '02', '00', '00', '00', '00', '00', '00', '00', '00', '00', '00', '7b', 'ae']
2022-04-06 14:02:36 DEBUG    ['af', '0f', '02', '00', '00', '00', '00', '00', '00', '00', '00', '00', '00', '7b', 'ae']
2022-04-06 14:02:37 DEBUG    ['af', '0f', '02', '00', '00', '00', '00', '00', '00', '00', '00', '00', '00', '7b', 'ae']
2022-04-06 14:02:38 DEBUG    ['af', '0f', '02', '00', '00', '00', '00', '00', '00', '00', '00', '00', '00', '7b', 'ae']
2022-04-06 14:02:39 DEBUG    ['af', '0f', '02', '00', '00', '00', '00', '00', '00', '00', '00', '00', '00', '7b', 'ae']
2022-04-06 14:02:40 DEBUG    ['af', '0f', '02', '00', '00', '00', '00', '00', '00', '00', '00', '00', '00', '7b', 'ae']
2022-04-06 14:02:41 DEBUG    ['af', '0f', '02', '00', '00', '00', '00', '00', '00', '00', '00', '00', '00', '7b', 'ae']
2022-04-06 14:02:42 DEBUG    ['af', '0f', '02', '00', '00', '00', '00', '00', '00', '00', '00', '00', '00', '7b', 'ae']
2022-04-06 14:02:43 DEBUG    ['af', '0f', '02', '00', '00', '00', '00', '00', '00', '00', '00', '00', '00', '7b', 'ae']
2022-04-06 14:02:44 DEBUG    ['af', '0f', '02', '00', '00', '00', '00', '00', '00', '00', '00', '00', '00', '7b', 'ae']
2022-04-06 14:02:45 DEBUG    ['af', '0f', '02', '00', '00', '00', '00', '00', '00', '00', '00', '00', '00', '7b', 'ae']
2022-04-06 14:02:46 DEBUG    ['af', '0f', '02', '00', '00', '00', '00', '00', '00', '00', '00', '00', '00', '7b', 'ae']
2022-04-06 14:02:47 DEBUG    ['af', '0f', '02', '00', '00', '00', '00', '00', '00', '00', '00', '00', '00', '7b', 'ae']
2022-04-06 14:02:48 DEBUG    ['af', '0f', '02', '00', '00', '00', '00', '00', '00', '00', '00', '00', '00', '7b', 'ae']
2022-04-06 14:02:49 DEBUG    ['af', '0f', '02', '00', '00', '00', '00', '00', '00', '00', '00', '00', '00', '7b', 'ae']
2022-04-06 14:02:50 DEBUG    ['af', '0f', '02', '00', '00', '00', '00', '00', '00', '00', '00', '00', '00', '7b', 'ae']
2022-04-06 14:02:51 DEBUG    ['af', '0f', '02', '00', '00', '00', '00', '00', '00', '00', '00', '00', '00', '7b', 'ae']
2022-04-06 14:02:52 DEBUG    ['af', '0f', '02', '00', '00', '00', '00', '00', '00', '00', '00', '00', '00', '7b', 'ae']
2022-04-06 14:02:53 DEBUG    ['af', '0f', '02', '00', '00', '00', '00', '00', '00', '00', '00', '00', '00', '7b', 'ae']
2022-04-06 14:02:54 DEBUG    ['af', '0f', '02', '00', '00', '00', '00', '00', '00', '00', '00', '00', '00', '7b', 'ae']
2022-04-06 14:02:55 DEBUG    ['af', '0f', '02', '00', '00', '00', '00', '00', '00', '00', '00', '00', '00', '7b', 'ae']
2022-04-06 14:02:56 DEBUG    ['af', '0f', '02', '00', '00', '00', '00', '00', '00', '00', '00', '00', '00', '7b', 'ae']
2022-04-06 14:02:57 DEBUG    ['af', '0f', '02', '00', '00', '00', '00', '00', '00', '00', '00', '00', '00', '7b', 'ae']
2022-04-06 14:02:58 DEBUG    ['af', '0f', '02', '00', '00', '00', '00', '00', '00', '00', '00', '00', '00', '7b', 'ae']
2022-04-06 14:02:59 DEBUG    ['af', '0f', '02', '00', '00', '00', '00', '00', '00', '00', '00', '00', '00', '7b', 'ae']
2022-04-06 14:03:00 DEBUG    ['af', '0f', '02', '00', '00', '00', '00', '00', '00', '00', '00', '00', '00', '7b', 'ae']
2022-04-06 14:03:01 DEBUG    ['af', '0f', '02', '00', '00', '00', '00', '00', '00', '00', '00', '00', '00', '7b', 'ae']
2022-04-06 14:03:02 DEBUG    ['af', '0f', '02', '00', '00', '00', '00', '00', '00', '00', '00', '00', '00', '7b', 'ae']
2022-04-06 14:03:03 DEBUG    ['af', '0f', '02', '00', '00', '00', '00', '00', '00', '00', '00', '00', '00', '7b', 'ae']
2022-04-06 14:03:04 DEBUG    ['af', '0f', '02', '00', '00', '00', '00', '00', '00', '00', '00', '00', '00', '7b', 'ae']
2022-04-06 14:03:05 DEBUG    ['af', '0f', '02', '00', '00', '00', '00', '00', '00', '00', '00', '00', '00', '7b', 'ae']
2022-04-06 14:03:06 DEBUG    ['af', '0f', '02', '00', '00', '00', '00', '00', '00', '00', '00', '00', '00', '7b', 'ae']
2022-04-06 14:03:07 DEBUG    ['af', '0f', '02', '00', '00', '00', '00', '00', '00', '00', '00', '24', '09', 'a0', 'a8']
2022-04-06 14:03:08 DEBUG    ['af', '0f', '02', '00', '00', '00', '00', '00', '00', '00', '00', '00', '00', '7b', 'ae']
2022-04-06 14:03:09 DEBUG    ['af', '0f', '02', '00', '00', '00', '00', '00', '00', '00', '00', '00', '00', '7b', 'ae']
2022-04-06 14:03:10 DEBUG    ['af', '0f', '02', '00', '00', '00', '00', '00', '00', '00', '00', '00', '00', '7b', 'ae']
2022-04-06 14:03:11 DEBUG    ['af', '0f', '02', '00', '00', '00', '00', '00', '00', '00', '00', '00', '00', '7b', 'ae']
2022-04-06 14:03:12 DEBUG    ['af', '0f', '02', '00', '00', '00', '00', '00', '00', '00', '00', '00', '00', '7b', 'ae']
2022-04-06 14:03:13 DEBUG    ['af', '0f', '02', '00', '00', '00', '00', '00', '00', '00', '00', '00', '00', '7b', 'ae']
2022-04-06 14:03:14 DEBUG    ['af', '0f', '02', '00', '00', '00', '00', '00', '00', '00', '00', '00', '00', '7b', 'ae']
2022-04-06 14:03:15 DEBUG    ['af', '0f', '02', '00', '00', '00', '00', '00', '00', '00', '00', '00', '00', '7b', 'ae']
2022-04-06 14:03:16 DEBUG    ['af', '0f', '02', '00', '00', '00', '00', '00', '00', '00', '00', '00', '00', '7b', 'ae']
2022-04-06 14:03:17 DEBUG    ['af', '0f', '02', '00', '00', '00', '00', '00', '00', '00', '00', '00', '00', '7b', 'ae']
2022-04-06 14:03:18 DEBUG    ['af', '0f', '02', '00', '00', '00', '00', '00', '00', '00', '00', '00', '00', '7b', 'ae']
2022-04-06 14:03:19 DEBUG    ['af', '0f', '02', '00', '00', '00', '00', '00', '00', '00', '00', '24', '09', 'a0', 'a8']
2022-04-06 14:03:20 DEBUG    ['af', '0f', '02', '00', '00', '00', '00', '00', '00', '00', '00', '24', '09', 'a0', 'a8']
2022-04-06 14:03:21 DEBUG    ['af', '0f', '02', '00', '00', '00', '00', '00', '00', '00', '00', '00', '00', '7b', 'ae']
2022-04-06 14:03:22 DEBUG    ['af', '0f', '02', '00', '00', '00', '00', '00', '00', '00', '00', '00', '00', '7b', 'ae']
2022-04-06 14:03:23 DEBUG    ['af', '0f', '02', '00', '00', '00', '00', '00', '00', '00', '00', '00', '00', '7b', 'ae']
2022-04-06 14:03:24 DEBUG    ['af', '0f', '02', '00', '00', '00', '00', '00', '00', '00', '00', '00', '00', '7b', 'ae']
2022-04-06 14:03:25 DEBUG    ['af', '0f', '02', '00', '00', '00', '00', '00', '00', '00', '00', '00', '00', '7b', 'ae']
2022-04-06 14:03:26 DEBUG    ['af', '0f', '02', '00', '00', '00', '00', '00', '00', '00', '00', '00', '00', '7b', 'ae']
2022-04-06 14:03:27 DEBUG    ['af', '0f', '02', '00', '00', '00', '00', '00', '00', '00', '00', '00', '00', '7b', 'ae']
2022-04-06 14:03:28 DEBUG    ['af', '0f', '02', '00', '00', '00', '00', '00', '00', '00', '00', '00', '00', '7b', 'ae']
2022-04-06 14:03:29 DEBUG    ['af', '0f', '02', '00', '00', '00', '00', '00', '00', '00', '00', '00', '00', '7b', 'ae']
2022-04-06 14:03:30 DEBUG    ['af', '0f', '02', '00', '00', '00', '00', '00', '00', '00', '00', '00', '00', '7b', 'ae']
2022-04-06 14:03:31 DEBUG    ['af', '0f', '02', '00', '00', '00', '00', '00', '00', '00', '00', '00', '00', '7b', 'ae']
2022-04-06 14:03:32 DEBUG    ['af', '0f', '02', '00', '00', '00', '00', '00', '00', '00', '00', '24', '09', 'a0', 'a8']
2022-04-06 14:03:33 DEBUG    ['af', '0f', '02', '00', '00', '00', '00', '00', '00', '00', '00', '24', '09', 'a0', 'a8']
2022-04-06 14:03:34 DEBUG    ['af', '0f', '02', '00', '00', '00', '00', '00', '00', '00', '00', '24', '09', 'a0', 'a8']
2022-04-06 14:03:35 DEBUG    ['af', '0f', '02', '00', '00', '00', '00', '00', '00', '00', '00', '00', '00', '7b', 'ae']
2022-04-06 14:03:36 DEBUG    ['af', '0f', '02', '00', '00', '00', '00', '00', '00', '00', '00', '00', '00', '7b', 'ae']
2022-04-06 14:03:37 DEBUG    ['af', '0f', '02', '00', '00', '00', '00', '00', '00', '00', '00', '00', '00', '7b', 'ae']
2022-04-06 14:03:38 DEBUG    ['af', '0f', '02', '00', '00', '00', '00', '00', '00', '00', '00', '00', '00', '7b', 'ae']
2022-04-06 14:03:39 DEBUG    ['af', '0f', '02', '00', '00', '00', '00', '00', '00', '00', '00', '00', '00', '7b', 'ae']
2022-04-06 14:03:41 DEBUG    ['af', '0f', '02', '00', '00', '00', '00', '00', '00', '00', '00', '00', '00', '7b', 'ae']
2022-04-06 14:03:42 DEBUG    ['af', '0f', '02', '00', '00', '00', '00', '00', '00', '00', '00', '00', '00', '7b', 'ae']
2022-04-06 14:03:43 DEBUG    ['af', '0f', '02', '00', '00', '00', '00', '00', '00', '00', '00', '00', '00', '7b', 'ae']
2022-04-06 14:03:44 DEBUG    ['af', '0f', '02', '00', '00', '00', '00', '00', '00', '00', '00', '00', '00', '7b', 'ae']
2022-04-06 14:03:45 DEBUG    ['af', '0f', '02', '00', '00', '00', '00', '00', '00', '00', '00', '00', '00', '7b', 'ae']
2022-04-06 14:03:46 DEBUG    ['af', '0f', '02', '00', '00', '00', '00', '00', '00', '00', '00', '00', '00', '7b', 'ae']
2022-04-06 14:03:47 DEBUG    ['af', '0f', '02', '00', '00', '00', '00', '00', '00', '00', '00', '24', '09', 'a0', 'a8']
2022-04-06 14:03:48 DEBUG    ['af', '0f', '02', '00', '00', '00', '00', '00', '00', '00', '00', '24', '09', 'a0', 'a8']
2022-04-06 14:03:49 DEBUG    ['af', '0f', '02', '00', '00', '00', '00', '00', '00', '00', '00', '24', '09', 'a0', 'a8']
2022-04-06 14:03:50 DEBUG    ['af', '0f', '02', '00', '00', '00', '00', '00', '00', '00', '00', '24', '09', 'a0', 'a8']
2022-04-06 14:03:51 DEBUG    ['af', '0f', '02', '00', '00', '00', '00', '00', '00', '00', '00', '00', '00', '7b', 'ae']
2022-04-06 14:03:52 DEBUG    ['af', '0f', '02', '00', '00', '00', '00', '00', '00', '00', '00', '00', '00', '7b', 'ae']
2022-04-06 14:03:53 DEBUG    ['af', '0f', '02', '00', '00', '00', '00', '00', '00', '00', '00', '00', '00', '7b', 'ae']
2022-04-06 14:03:54 DEBUG    ['af', '0f', '02', '00', '00', '00', '00', '00', '00', '00', '00', '00', '00', '7b', 'ae']
2022-04-06 14:03:55 DEBUG    ['af', '0f', '02', '00', '00', '00', '00', '00', '00', '00', '00', '00', '00', '7b', 'ae']
2022-04-06 14:03:56 DEBUG    ['af', '0f', '02', '00', '00', '00', '00', '00', '00', '00', '00', '00', '00', '7b', 'ae']
2022-04-06 14:03:57 DEBUG    ['af', '0f', '02', '00', '00', '00', '00', '00', '00', '00', '00', '00', '00', '7b', 'ae']
2022-04-06 14:03:58 DEBUG    ['af', '0f', '02', '00', '00', '00', '00', '00', '00', '00', '00', '00', '00', '7b', 'ae']
2022-04-06 14:03:59 DEBUG    ['af', '0f', '02', '00', '00', '00', '00', '00', '00', '00', '00', '00', '00', '7b', 'ae']
2022-04-06 14:04:00 DEBUG    ['af', '0f', '02', '00', '00', '00', '00', '00', '00', '00', '00', '00', '00', '7b', 'ae']
2022-04-06 14:04:01 DEBUG    ['af', '0f', '02', '00', '00', '00', '00', '00', '00', '00', '00', '00', '00', '7b', 'ae']
2022-04-06 14:04:02 DEBUG    ['af', '0f', '02', '00', '00', '00', '00', '00', '00', '00', '00', '24', '09', 'a0', 'a8']
2022-04-06 14:04:03 DEBUG    ['af', '0f', '02', '00', '00', '00', '00', '00', '00', '00', '00', '24', '09', 'a0', 'a8']
2022-04-06 14:04:04 DEBUG    ['af', '0f', '02', '00', '00', '00', '00', '00', '00', '00', '00', '24', '09', 'a0', 'a8']
2022-04-06 14:04:05 DEBUG    ['af', '0f', '02', '00', '00', '00', '00', '00', '00', '00', '00', '24', '09', 'a0', 'a8']
2022-04-06 14:04:06 DEBUG    ['af', '0f', '02', '00', '00', '00', '00', '00', '00', '00', '00', '24', '09', 'a0', 'a8']
2022-04-06 14:04:07 DEBUG    ['af', '0f', '02', '00', '00', '00', '00', '00', '00', '00', '00', '00', '00', '7b', 'ae']
2022-04-06 14:04:08 DEBUG    ['af', '0f', '02', '00', '00', '00', '00', '00', '00', '00', '00', '00', '00', '7b', 'ae']
2022-04-06 14:04:09 DEBUG    ['af', '0f', '02', '00', '00', '00', '00', '00', '00', '00', '00', '00', '00', '7b', 'ae']
2022-04-06 14:04:10 DEBUG    ['af', '0f', '02', '00', '00', '00', '00', '00', '00', '00', '00', '00', '00', '7b', 'ae']
2022-04-06 14:04:11 DEBUG    ['af', '0f', '02', '00', '00', '00', '00', '00', '00', '00', '00', '00', '00', '7b', 'ae']
2022-04-06 14:04:12 DEBUG    ['af', '0f', '02', '00', '00', '00', '00', '00', '00', '00', '00', '00', '00', '7b', 'ae']
2022-04-06 14:04:13 DEBUG    ['af', '0f', '02', '00', '00', '00', '00', '00', '00', '00', '00', '00', '00', '7b', 'ae']
2022-04-06 14:04:14 DEBUG    ['af', '0f', '02', '00', '00', '00', '00', '00', '00', '00', '00', '00', '00', '7b', 'ae']
2022-04-06 14:04:15 DEBUG    ['af', '0f', '02', '00', '00', '00', '00', '00', '00', '00', '00', '00', '00', '7b', 'ae']
2022-04-06 14:04:16 DEBUG    ['af', '0f', '02', '00', '00', '00', '00', '00', '00', '00', '00', '00', '00', '7b', 'ae']
2022-04-06 14:04:17 DEBUG    ['af', '0f', '02', '00', '00', '00', '00', '00', '00', '00', '00', '00', '00', '7b', 'ae']
2022-04-06 14:04:18 DEBUG    ['af', '0f', '02', '00', '00', '00', '00', '00', '00', '00', '00', '24', '09', 'a0', 'a8']
2022-04-06 14:04:19 DEBUG    ['af', '0f', '02', '00', '00', '00', '00', '00', '00', '00', '00', '24', '09', 'a0', 'a8']
2022-04-06 14:04:20 DEBUG    ['af', '0f', '02', '00', '00', '00', '00', '00', '00', '00', '00', '24', '09', 'a0', 'a8']
2022-04-06 14:04:21 DEBUG    ['af', '0f', '02', '00', '00', '00', '00', '00', '00', '00', '00', '24', '09', 'a0', 'a8']
2022-04-06 14:04:22 DEBUG    ['af', '0f', '02', '00', '00', '00', '00', '00', '00', '00', '00', '24', '09', 'a0', 'a8']
2022-04-06 14:04:23 DEBUG    ['af', '0f', '02', '00', '00', '00', '00', '00', '00', '00', '00', '24', '09', 'a0', 'a8']
2022-04-06 14:04:24 DEBUG    ['af', '0f', '02', '00', '00', '00', '00', '00', '00', '00', '00', '00', '00', '7b', 'ae']
2022-04-06 14:04:25 DEBUG    ['af', '0f', '02', '00', '00', '00', '00', '00', '00', '00', '00', '00', '00', '7b', 'ae']
2022-04-06 14:04:26 DEBUG    ['af', '0f', '02', '00', '00', '00', '00', '00', '00', '00', '00', '00', '00', '7b', 'ae']
2022-04-06 14:04:27 DEBUG    ['af', '0f', '02', '00', '00', '00', '00', '00', '00', '00', '00', '00', '00', '7b', 'ae']
2022-04-06 14:04:28 DEBUG    ['af', '0f', '02', '00', '00', '00', '00', '00', '00', '00', '00', '00', '00', '7b', 'ae']
2022-04-06 14:04:29 DEBUG    ['af', '0f', '02', '00', '00', '00', '00', '00', '00', '00', '00', '00', '00', '7b', 'ae']
2022-04-06 14:04:30 DEBUG    ['af', '0f', '02', '00', '00', '00', '00', '00', '00', '00', '00', '00', '00', '7b', 'ae']
2022-04-06 14:04:31 DEBUG    ['af', '0f', '02', '00', '00', '00', '00', '00', '00', '00', '00', '00', '00', '7b', 'ae']
2022-04-06 14:04:32 DEBUG    ['af', '0f', '02', '00', '00', '00', '00', '00', '00', '00', '00', '00', '00', '7b', 'ae']
2022-04-06 14:04:33 DEBUG    ['af', '0f', '02', '00', '00', '00', '00', '00', '00', '00', '00', '00', '00', '7b', 'ae']
2022-04-06 14:04:34 DEBUG    ['af', '0f', '02', '00', '00', '00', '00', '00', '00', '00', '00', '00', '00', '7b', 'ae']
2022-04-06 14:04:35 DEBUG    ['af', '0f', '02', '00', '00', '00', '00', '00', '00', '00', '00', '24', '09', 'a0', 'a8']
2022-04-06 14:04:36 DEBUG    ['af', '0f', '02', '00', '00', '00', '00', '00', '00', '00', '00', '24', '09', 'a0', 'a8']
2022-04-06 14:04:37 DEBUG    ['af', '0f', '02', '00', '00', '00', '00', '00', '00', '00', '00', '24', '09', 'a0', 'a8']
2022-04-06 14:04:38 DEBUG    ['af', '0f', '02', '00', '00', '00', '00', '00', '00', '00', '00', '24', '09', 'a0', 'a8']
2022-04-06 14:04:39 DEBUG    ['af', '0f', '02', '00', '00', '00', '00', '00', '00', '00', '00', '24', '09', 'a0', 'a8']
2022-04-06 14:04:40 DEBUG    ['af', '0f', '02', '00', '00', '00', '00', '00', '00', '00', '00', '24', '09', 'a0', 'a8']
2022-04-06 14:04:41 DEBUG    ['af', '0f', '02', '00', '00', '00', '00', '00', '00', '00', '00', '24', '09', 'a0', 'a8']
2022-04-06 14:04:42 DEBUG    ['af', '0f', '02', '00', '00', '00', '00', '00', '00', '00', '00', '00', '00', '7b', 'ae']
2022-04-06 14:04:43 DEBUG    ['af', '0f', '02', '00', '00', '00', '00', '00', '00', '00', '00', '00', '00', '7b', 'ae']
2022-04-06 14:04:44 DEBUG    ['af', '0f', '02', '00', '00', '00', '00', '00', '00', '00', '00', '00', '00', '7b', 'ae']
2022-04-06 14:04:45 DEBUG    ['af', '0f', '02', '00', '00', '00', '00', '00', '00', '00', '00', '00', '00', '7b', 'ae']
2022-04-06 14:04:46 DEBUG    ['af', '0f', '02', '00', '00', '00', '00', '00', '00', '00', '00', '00', '00', '7b', 'ae']
2022-04-06 14:04:47 DEBUG    ['af', '0f', '02', '00', '00', '00', '00', '00', '00', '00', '00', '00', '00', '7b', 'ae']
2022-04-06 14:04:48 DEBUG    ['af', '0f', '02', '00', '00', '00', '00', '00', '00', '00', '00', '00', '00', '7b', 'ae']
2022-04-06 14:04:49 DEBUG    ['af', '0f', '02', '00', '00', '00', '00', '00', '00', '00', '00', '00', '00', '7b', 'ae']
2022-04-06 14:04:50 DEBUG    ['af', '0f', '02', '00', '00', '00', '00', '00', '00', '00', '00', '00', '00', '7b', 'ae']
2022-04-06 14:04:51 DEBUG    ['af', '0f', '02', '00', '00', '00', '00', '00', '00', '00', '00', '00', '00', '7b', 'ae']
2022-04-06 14:04:52 DEBUG    ['af', '0f', '02', '00', '00', '00', '00', '00', '00', '00', '00', '00', '00', '7b', 'ae']
2022-04-06 14:04:53 DEBUG    ['af', '0f', '02', '00', '00', '00', '00', '00', '00', '00', '00', '24', '09', 'a0', 'a8']
2022-04-06 14:04:54 DEBUG    ['af', '0f', '02', '00', '00', '00', '00', '00', '00', '00', '00', '24', '09', 'a0', 'a8']
2022-04-06 14:04:55 DEBUG    ['af', '0f', '02', '00', '00', '00', '00', '00', '00', '00', '00', '24', '09', 'a0', 'a8']
2022-04-06 14:04:56 DEBUG    ['af', '0f', '02', '00', '00', '00', '00', '00', '00', '00', '00', '24', '09', 'a0', 'a8']
2022-04-06 14:04:57 DEBUG    ['af', '0f', '02', '00', '00', '00', '00', '00', '00', '00', '00', '24', '09', 'a0', 'a8']
2022-04-06 14:04:58 DEBUG    ['af', '0f', '02', '00', '00', '00', '00', '00', '00', '00', '00', '24', '09', 'a0', 'a8']
2022-04-06 14:04:59 DEBUG    ['af', '0f', '02', '00', '00', '00', '00', '00', '00', '00', '00', '24', '09', 'a0', 'a8']
2022-04-06 14:05:00 DEBUG    ['af', '0f', '02', '00', '00', '00', '00', '00', '00', '00', '00', '24', '09', 'a0', 'a8']
2022-04-06 14:05:01 DEBUG    ['af', '0f', '02', '00', '00', '00', '00', '00', '00', '00', '00', '00', '00', '7b', 'ae']
2022-04-06 14:05:02 DEBUG    ['af', '0f', '02', '00', '00', '00', '00', '00', '00', '00', '00', '00', '00', '7b', 'ae']
2022-04-06 14:05:03 DEBUG    ['af', '0f', '02', '00', '00', '00', '00', '00', '00', '00', '00', '00', '00', '7b', 'ae']
2022-04-06 14:05:04 DEBUG    ['af', '0f', '02', '00', '00', '00', '00', '00', '00', '00', '00', '00', '00', '7b', 'ae']
2022-04-06 14:05:05 DEBUG    ['af', '0f', '02', '00', '00', '00', '00', '00', '00', '00', '00', '00', '00', '7b', 'ae']
2022-04-06 14:05:06 DEBUG    ['af', '0f', '02', '00', '00', '00', '00', '00', '00', '00', '00', '00', '00', '7b', 'ae']
2022-04-06 14:05:07 DEBUG    ['af', '0f', '02', '00', '00', '00', '00', '00', '00', '00', '00', '00', '00', '7b', 'ae']
2022-04-06 14:05:08 DEBUG    ['af', '0f', '02', '00', '00', '00', '00', '00', '00', '00', '00', '00', '00', '7b', 'ae']
2022-04-06 14:05:09 DEBUG    ['af', '0f', '02', '00', '00', '00', '00', '00', '00', '00', '00', '00', '00', '7b', 'ae']
2022-04-06 14:05:10 DEBUG    ['af', '0f', '02', '00', '00', '00', '00', '00', '00', '00', '00', '00', '00', '7b', 'ae']
2022-04-06 14:05:11 DEBUG    ['af', '0f', '02', '00', '00', '00', '00', '00', '00', '00', '00', '00', '00', '7b', 'ae']
2022-04-06 14:05:12 DEBUG    ['af', '0f', '02', '00', '00', '00', '00', '00', '00', '00', '00', '24', '09', 'a0', 'a8']
2022-04-06 14:05:13 DEBUG    ['af', '0f', '02', '00', '00', '00', '00', '00', '00', '00', '00', '24', '09', 'a0', 'a8']
2022-04-06 14:05:14 DEBUG    ['af', '0f', '02', '00', '00', '00', '00', '00', '00', '00', '00', '24', '09', 'a0', 'a8']
2022-04-06 14:05:15 DEBUG    ['af', '0f', '02', '00', '00', '00', '00', '00', '00', '00', '00', '24', '09', 'a0', 'a8']
2022-04-06 14:05:16 DEBUG    ['af', '0f', '02', '00', '00', '00', '00', '00', '00', '00', '00', '24', '09', 'a0', 'a8']
2022-04-06 14:05:17 DEBUG    ['af', '0f', '02', '00', '00', '00', '00', '00', '00', '00', '00', '24', '09', 'a0', 'a8']
2022-04-06 14:05:18 DEBUG    ['af', '0f', '02', '00', '00', '00', '00', '00', '00', '00', '00', '24', '09', 'a0', 'a8']
2022-04-06 14:05:19 DEBUG    ['af', '0f', '02', '00', '00', '00', '00', '00', '00', '00', '00', '24', '09', 'a0', 'a8']
2022-04-06 14:05:20 DEBUG    ['af', '0f', '02', '00', '00', '00', '00', '00', '00', '00', '00', '24', '09', 'a0', 'a8']
2022-04-06 14:05:21 DEBUG    ['af', '0f', '02', '00', '00', '00', '00', '00', '00', '00', '00', '00', '00', '7b', 'ae']
2022-04-06 14:05:22 DEBUG    ['af', '0f', '02', '00', '00', '00', '00', '00', '00', '00', '00', '00', '00', '7b', 'ae']
2022-04-06 14:05:23 DEBUG    ['af', '0f', '02', '00', '00', '00', '00', '00', '00', '00', '00', '00', '00', '7b', 'ae']
2022-04-06 14:05:24 DEBUG    ['af', '0f', '02', '00', '00', '00', '00', '00', '00', '00', '00', '00', '00', '7b', 'ae']
2022-04-06 14:05:25 DEBUG    ['af', '0f', '02', '00', '00', '00', '00', '00', '00', '00', '00', '00', '00', '7b', 'ae']
2022-04-06 14:05:26 DEBUG    ['af', '0f', '02', '00', '00', '00', '00', '00', '00', '00', '00', '00', '00', '7b', 'ae']
2022-04-06 14:05:27 DEBUG    ['af', '0f', '02', '00', '00', '00', '00', '00', '00', '00', '00', '00', '00', '7b', 'ae']
2022-04-06 14:05:28 DEBUG    ['af', '0f', '02', '00', '00', '00', '00', '00', '00', '00', '00', '00', '00', '7b', 'ae']
2022-04-06 14:05:29 DEBUG    ['af', '0f', '02', '00', '00', '00', '00', '00', '00', '00', '00', '00', '00', '7b', 'ae']
2022-04-06 14:05:30 DEBUG    ['af', '0f', '02', '00', '00', '00', '00', '00', '00', '00', '00', '00', '00', '7b', 'ae']
2022-04-06 14:05:31 DEBUG    ['af', '0f', '02', '00', '00', '00', '00', '00', '00', '00', '00', '00', '00', '7b', 'ae']
2022-04-06 14:05:32 DEBUG    ['af', '0f', '02', '00', '00', '00', '00', '00', '00', '00', '00', '24', '09', 'a0', 'a8']
2022-04-06 14:05:33 DEBUG    ['af', '0f', '02', '00', '00', '00', '00', '00', '00', '00', '00', '24', '09', 'a0', 'a8']
2022-04-06 14:05:34 DEBUG    ['af', '0f', '02', '00', '00', '00', '00', '00', '00', '00', '00', '24', '09', 'a0', 'a8']
2022-04-06 14:05:35 DEBUG    ['af', '0f', '02', '00', '00', '00', '00', '00', '00', '00', '00', '24', '09', 'a0', 'a8']
2022-04-06 14:05:36 DEBUG    ['af', '0f', '02', '00', '00', '00', '00', '00', '00', '00', '00', '24', '09', 'a0', 'a8']
2022-04-06 14:05:37 DEBUG    ['af', '0f', '02', '00', '00', '00', '00', '00', '00', '00', '00', '24', '09', 'a0', 'a8']
2022-04-06 14:05:38 DEBUG    ['af', '0f', '02', '00', '00', '00', '00', '00', '00', '00', '00', '24', '09', 'a0', 'a8']
2022-04-06 14:05:39 DEBUG    ['af', '0f', '02', '00', '00', '00', '00', '00', '00', '00', '00', '24', '09', 'a0', 'a8']
2022-04-06 14:05:40 DEBUG    ['af', '0f', '02', '00', '00', '00', '00', '00', '00', '00', '00', '24', '09', 'a0', 'a8']
2022-04-06 14:05:41 DEBUG    ['af', '0f', '02', '00', '00', '00', '00', '00', '00', '00', '00', '24', '09', 'a0', 'a8']
2022-04-06 14:05:42 DEBUG    ['af', '0f', '02', '00', '00', '00', '00', '00', '00', '00', '00', '00', '00', '7b', 'ae']
2022-04-06 14:05:43 DEBUG    ['af', '0f', '02', '00', '00', '00', '00', '00', '00', '00', '00', '00', '00', '7b', 'ae']
2022-04-06 14:05:44 DEBUG    ['af', '0f', '02', '00', '00', '00', '00', '00', '00', '00', '00', '00', '00', '7b', 'ae']
2022-04-06 14:05:45 DEBUG    ['af', '0f', '02', '00', '00', '00', '00', '00', '00', '00', '00', '00', '00', '7b', 'ae']
2022-04-06 14:05:46 DEBUG    ['af', '0f', '02', '00', '00', '00', '00', '00', '00', '00', '00', '00', '00', '7b', 'ae']
2022-04-06 14:05:47 DEBUG    ['af', '0f', '02', '00', '00', '00', '00', '00', '00', '00', '00', '00', '00', '7b', 'ae']
2022-04-06 14:05:48 DEBUG    ['af', '0f', '02', '00', '00', '00', '00', '00', '00', '00', '00', '00', '00', '7b', 'ae']
2022-04-06 14:05:49 DEBUG    ['af', '0f', '02', '00', '00', '00', '00', '00', '00', '00', '00', '00', '00', '7b', 'ae']
2022-04-06 14:05:50 DEBUG    ['af', '0f', '02', '00', '00', '00', '00', '00', '00', '00', '00', '00', '00', '7b', 'ae']
2022-04-06 14:05:51 DEBUG    ['af', '0f', '02', '00', '00', '00', '00', '00', '00', '00', '00', '00', '00', '7b', 'ae']
2022-04-06 14:05:52 DEBUG    ['af', '0f', '02', '00', '00', '00', '00', '00', '00', '00', '00', '00', '00', '7b', 'ae']
2022-04-06 14:05:53 DEBUG    ['af', '0f', '02', '00', '00', '00', '00', '00', '00', '00', '00', '24', '09', 'a0', 'a8']
2022-04-06 14:05:54 DEBUG    ['af', '0f', '02', '00', '00', '00', '00', '00', '00', '00', '00', '24', '09', 'a0', 'a8']
2022-04-06 14:05:55 DEBUG    ['af', '0f', '02', '00', '00', '00', '00', '00', '00', '00', '00', '24', '09', 'a0', 'a8']
2022-04-06 14:05:56 DEBUG    ['af', '0f', '02', '00', '00', '00', '00', '00', '00', '00', '00', '24', '09', 'a0', 'a8']
2022-04-06 14:05:57 DEBUG    ['af', '0f', '02', '00', '00', '00', '00', '00', '00', '00', '00', '24', '09', 'a0', 'a8']
2022-04-06 14:05:58 DEBUG    ['af', '0f', '02', '00', '00', '00', '00', '00', '00', '00', '00', '24', '09', 'a0', 'a8']
2022-04-06 14:05:59 DEBUG    ['af', '0f', '02', '00', '00', '00', '00', '00', '00', '00', '00', '24', '09', 'a0', 'a8']
2022-04-06 14:06:00 DEBUG    ['af', '0f', '02', '00', '00', '00', '00', '00', '00', '00', '00', '24', '09', 'a0', 'a8']
2022-04-06 14:06:01 DEBUG    ['af', '0f', '02', '00', '00', '00', '00', '00', '00', '00', '00', '24', '09', 'a0', 'a8']
2022-04-06 14:06:02 DEBUG    ['af', '0f', '02', '00', '00', '00', '00', '00', '00', '00', '00', '24', '09', 'a0', 'a8']
2022-04-06 14:06:03 DEBUG    ['af', '0f', '02', '00', '00', '00', '00', '00', '00', '00', '00', '24', '09', 'a0', 'a8']
2022-04-06 14:06:04 DEBUG    ['af', '0f', '02', '00', '00', '00', '00', '00', '00', '00', '00', '00', '00', '7b', 'ae']
2022-04-06 14:06:05 DEBUG    ['af', '0f', '02', '00', '00', '00', '00', '00', '00', '00', '00', '00', '00', '7b', 'ae']
2022-04-06 14:06:06 DEBUG    ['af', '0f', '02', '00', '00', '00', '00', '00', '00', '00', '00', '00', '00', '7b', 'ae']
2022-04-06 14:06:07 DEBUG    ['af', '0f', '02', '00', '00', '00', '00', '00', '00', '00', '00', '00', '00', '7b', 'ae']
2022-04-06 14:06:08 DEBUG    ['af', '0f', '02', '00', '00', '00', '00', '00', '00', '00', '00', '00', '00', '7b', 'ae']
2022-04-06 14:06:09 DEBUG    ['af', '0f', '02', '00', '00', '00', '00', '00', '00', '00', '00', '00', '00', '7b', 'ae']
2022-04-06 14:06:10 DEBUG    ['af', '0f', '02', '00', '00', '00', '00', '00', '00', '00', '00', '00', '00', '7b', 'ae']
2022-04-06 14:06:11 DEBUG    ['af', '0f', '02', '00', '00', '00', '00', '00', '00', '00', '00', '00', '00', '7b', 'ae']
2022-04-06 14:06:12 DEBUG    ['af', '0f', '02', '00', '00', '00', '00', '00', '00', '00', '00', '00', '00', '7b', 'ae']
2022-04-06 14:06:13 DEBUG    ['af', '0f', '02', '00', '00', '00', '00', '00', '00', '00', '00', '00', '00', '7b', 'ae']
2022-04-06 14:06:14 DEBUG    ['af', '0f', '02', '00', '00', '00', '00', '00', '00', '00', '00', '00', '00', '7b', 'ae']
2022-04-06 14:06:15 DEBUG    ['af', '0f', '02', '00', '00', '00', '00', '00', '00', '00', '00', '24', '09', 'a0', 'a8']
2022-04-06 14:06:16 DEBUG    ['af', '0f', '02', '00', '00', '00', '00', '00', '00', '00', '00', '24', '09', 'a0', 'a8']
2022-04-06 14:06:17 DEBUG    ['af', '0f', '02', '00', '00', '00', '00', '00', '00', '00', '00', '24', '09', 'a0', 'a8']
2022-04-06 14:06:18 DEBUG    ['af', '0f', '02', '00', '00', '00', '00', '00', '00', '00', '00', '24', '09', 'a0', 'a8']
2022-04-06 14:06:19 DEBUG    ['af', '0f', '02', '00', '00', '00', '00', '00', '00', '00', '00', '24', '09', 'a0', 'a8']
2022-04-06 14:06:20 DEBUG    ['af', '0f', '02', '00', '00', '00', '00', '00', '00', '00', '00', '24', '09', 'a0', 'a8']
2022-04-06 14:06:21 DEBUG    ['af', '0f', '02', '00', '00', '00', '00', '00', '00', '00', '00', '24', '09', 'a0', 'a8']
2022-04-06 14:06:22 DEBUG    ['af', '0f', '02', '00', '00', '00', '00', '00', '00', '00', '00', '24', '09', 'a0', 'a8']
2022-04-06 14:06:23 DEBUG    ['af', '0f', '02', '00', '00', '00', '00', '00', '00', '00', '00', '24', '09', 'a0', 'a8']
2022-04-06 14:06:24 DEBUG    ['af', '0f', '02', '00', '00', '00', '00', '00', '00', '00', '00', '24', '09', 'a0', 'a8']
2022-04-06 14:06:25 DEBUG    ['af', '0f', '02', '00', '00', '00', '00', '00', '00', '00', '00', '24', '09', 'a0', 'a8']
2022-04-06 14:06:26 DEBUG    ['af', '0f', '02', '00', '00', '00', '00', '00', '00', '00', '00', '24', '09', 'a0', 'a8']
2022-04-06 14:06:27 DEBUG    ['af', '0f', '02', '00', '00', '00', '00', '00', '00', '00', '00', '00', '00', '7b', 'ae']
2022-04-06 14:06:28 DEBUG    ['af', '0f', '02', '00', '00', '00', '00', '00', '00', '00', '00', '00', '00', '7b', 'ae']
2022-04-06 14:06:29 DEBUG    ['af', '0f', '02', '00', '00', '00', '00', '00', '00', '00', '00', '00', '00', '7b', 'ae']
2022-04-06 14:06:30 DEBUG    ['af', '0f', '02', '00', '00', '00', '00', '00', '00', '00', '00', '00', '00', '7b', 'ae']
2022-04-06 14:06:31 DEBUG    ['af', '0f', '02', '00', '00', '00', '00', '00', '00', '00', '00', '00', '00', '7b', 'ae']
2022-04-06 14:06:32 DEBUG    ['af', '0f', '02', '00', '00', '00', '00', '00', '00', '00', '00', '00', '00', '7b', 'ae']
2022-04-06 14:06:33 DEBUG    ['af', '0f', '02', '00', '00', '00', '00', '00', '00', '00', '00', '00', '00', '7b', 'ae']
2022-04-06 14:06:34 DEBUG    ['af', '0f', '02', '00', '00', '00', '00', '00', '00', '00', '00', '00', '00', '7b', 'ae']
2022-04-06 14:06:35 DEBUG    ['af', '0f', '02', '00', '00', '00', '00', '00', '00', '00', '00', '00', '00', '7b', 'ae']
2022-04-06 14:06:36 DEBUG    ['af', '0f', '02', '00', '00', '00', '00', '00', '00', '00', '00', '00', '00', '7b', 'ae']
2022-04-06 14:06:37 DEBUG    ['af', '0f', '02', '00', '00', '00', '00', '00', '00', '00', '00', '00', '00', '7b', 'ae']
2022-04-06 14:06:38 DEBUG    ['af', '0f', '02', '00', '00', '00', '00', '00', '00', '00', '00', '24', '09', 'a0', 'a8']
2022-04-06 14:06:39 DEBUG    ['af', '0f', '02', '00', '00', '00', '00', '00', '00', '00', '00', '24', '09', 'a0', 'a8']
2022-04-06 14:06:40 DEBUG    ['af', '0f', '02', '00', '00', '00', '00', '00', '00', '00', '00', '24', '09', 'a0', 'a8']
2022-04-06 14:06:41 DEBUG    ['af', '0f', '02', '00', '00', '00', '00', '00', '00', '00', '00', '24', '09', 'a0', 'a8']
2022-04-06 14:06:42 DEBUG    ['af', '0f', '02', '00', '00', '00', '00', '00', '00', '00', '00', '24', '09', 'a0', 'a8']
2022-04-06 14:06:43 DEBUG    ['af', '0f', '02', '00', '00', '00', '00', '00', '00', '00', '00', '24', '09', 'a0', 'a8']
2022-04-06 14:06:44 DEBUG    ['af', '0f', '02', '00', '00', '00', '00', '00', '00', '00', '00', '24', '09', 'a0', 'a8']
2022-04-06 14:06:45 DEBUG    ['af', '0f', '02', '00', '00', '00', '00', '00', '00', '00', '00', '24', '09', 'a0', 'a8']
2022-04-06 14:06:46 DEBUG    ['af', '0f', '02', '00', '00', '00', '00', '00', '00', '00', '00', '24', '09', 'a0', 'a8']
2022-04-06 14:06:47 DEBUG    ['af', '0f', '02', '00', '00', '00', '00', '00', '00', '00', '00', '24', '09', 'a0', 'a8']
2022-04-06 14:06:48 DEBUG    ['af', '0f', '02', '00', '00', '00', '00', '00', '00', '00', '00', '24', '09', 'a0', 'a8']
2022-04-06 14:06:49 DEBUG    ['af', '0f', '02', '00', '00', '00', '00', '00', '00', '00', '00', '24', '09', 'a0', 'a8']
2022-04-06 14:06:50 DEBUG    ['af', '0f', '02', '00', '00', '00', '00', '00', '00', '00', '00', '24', '09', 'a0', 'a8']
